<?xml version="1.0" encoding="UTF-8"?>
<!-- Generated by org.testng.reporters.JUnitReportReporter -->
<testsuite hostname="ZakirZR-Bluestone" failures="0" tests="2" name="FrameWork_BuildingBlocks.MultipleThreads2" time="41.164" errors="0" timestamp="2023-01-05T05:25:49 IST" skipped="0">
  <testcase classname="FrameWork_BuildingBlocks.MultipleThreads2" name="test4" time="20.552"/>
  <system-out/>
  <testcase classname="FrameWork_BuildingBlocks.MultipleThreads2" name="test3" time="20.612"/>
  <system-out/>
</testsuite> <!-- FrameWork_BuildingBlocks.MultipleThreads2 -->
