<?xml version="1.0" encoding="UTF-8"?>
<!-- Generated by org.testng.reporters.JUnitReportReporter -->
<testsuite hostname="ZakirZR-Bluestone" failures="0" tests="1" name="CucumberRunnerFiles.RunnerTestNG" time="0.105" errors="0" timestamp="2023-01-10T15:56:41 IST" skipped="0">
  <testcase classname="CucumberRunnerFiles.RunnerTestNG" name="runScenario" time="0.105"/>
  <system-out/>
</testsuite> <!-- CucumberRunnerFiles.RunnerTestNG -->
