<?xml version="1.0" encoding="UTF-8"?>
<!-- Generated by org.testng.reporters.JUnitReportReporter -->
<testsuite hostname="ZakirZR-Bluestone" failures="0" tests="1" name="CucumberzRunnerFiles.RunnerTestNG" time="106.968" errors="0" timestamp="2023-01-10T16:42:21 IST" skipped="0">
  <testcase classname="CucumberzRunnerFiles.RunnerTestNG" name="runScenario" time="106.968"/>
  <system-out/>
</testsuite> <!-- CucumberzRunnerFiles.RunnerTestNG -->
