<?xml version="1.0" encoding="UTF-8"?>
<!-- Generated by org.testng.reporters.JUnitReportReporter -->
<testsuite hostname="ZakirZR-Bluestone" failures="0" tests="2" name="FrameWork_BuildingBlocks.MultipleThreads" time="12.756" errors="0" timestamp="2023-01-05T05:25:49 IST" skipped="0">
  <testcase classname="FrameWork_BuildingBlocks.MultipleThreads" name="test1" time="7.250"/>
  <system-out/>
  <testcase classname="FrameWork_BuildingBlocks.MultipleThreads" name="test2" time="5.506"/>
  <system-out/>
</testsuite> <!-- FrameWork_BuildingBlocks.MultipleThreads -->
