<?xml version="1.0" encoding="UTF-8"?>
<!-- Generated by org.testng.reporters.JUnitReportReporter -->
<testsuite hostname="ZakirZR-Bluestone" failures="0" tests="2" name="CucumberzRunnerFiles.RunnerTestNG" time="0.107" errors="0" timestamp="2023-01-10T16:22:52 IST" skipped="0">
  <testcase classname="CucumberzRunnerFiles.RunnerTestNG" name="runScenario" time="0.006"/>
  <system-out/>
  <testcase classname="CucumberzRunnerFiles.RunnerTestNG" name="runScenario" time="0.101"/>
  <system-out/>
</testsuite> <!-- CucumberzRunnerFiles.RunnerTestNG -->
